1011
1012
1014
1015
1016
1017
1018
1021
1022
1023
1025
1026
1027
1028
1029
1030
1031
1032
1033
1037
1038
1039
1040
1041
1042
1043
1044
1045
1046
1047
1048
1050
1051
1053
1056
1057
1058
1059
1060
1061
1062
1063
1065
1067
1068
1069
1070
1071
1072
1073
1075
1076
1077
1079
1080
1081
1082
1082CL
1083
1084
1085
1088
1089
1090
1091
1092
1093
1094
1095
1096
1097
1098
1099
1100
1111
1112
1114
1115
1116
1117
1118
1119
1120
1121
1123
1124
1125
1126
1127
1130
1131
1132
1133
1134
1135
1136
1137
1138
1139
1140
1141
1142
1143
1144
1145
1146
1147
1148
1149
1150
1151
1152
1153
1154
1155
1156
1157
1159
1160
1161
1162
1163
1164
1165
1166
1167
1168
1169
1170
1171
1172
1173
1011
1012
1014
1015
1016
1017
1011
1012
1014
1015
1016
1017
1018
1021
1022
1023
1025
1026
1027
1028
1029
1030
1031
1032
1033
1037
1038
1039
1040
1041
1042
1043
1044
1045
1046
1047
1048
1050
1051
1053
1056
1057
1058
1059
1060
1061
1062
1011
1012
1014
1011
1012
1014
1015
1016
1017
1018
1021
1022
1023
1025
1026
1027
1028
1029
1030
1031
1032
1033
1037
1038
1039
1040
1041
1042
1043
1044
1045
1046
1047
1048
1050
1051
1053
1056
1057
1058
1059
1060
1061
1062
1063
1065
1067
1068
1069
1070
1071
1072
1073
1075
1076
1077
1079
1080
1081
1082
1082CL
1083
1084
1085
1088
1089
1090
1091
1092
1093
1094
1095
1096
1097
1098
1099
1100
1111
1112
1114
1115
1116
1117
1118
1119
1120
1121
1123
1124
1125
1126
1127
1130
1131
1132
1133
1134
1135
1136
1137
1138
1139
1140
1141
1142
1143
1144
1145
1146
1147
1148
1149
1150
1151
1152
1153
1154
1155
1156
1157
1159
1160
1161
1162
1163
1164
1165
1166
1167
1168
1169
1170
1171
1172
1173
1174
1175
1176
1177
1178
1179
1180
1181
1182
1183
1184
1185
1186
1190
1191
1192
1194
1195
1197
1198
1200
1201
1203
1204
1205
1206
1208
1209
1210
1212
1213
1216
1217
1218
1220
1221
1222
1223
1224
1229
1230
1232
1235
1237
1238
1239
1242
1245
1247
1249
1252
1253
1254
1255
1256
1257
1258
1259
1260
1263
1264
1265
1266
1267
1268
1269
1273
1277
1278
1279
1281
1285
1286
1288
1292
1293
1294
1295
1308
1309
1310
1311
1312
1313
1314
1315
1338
1339
1341
1342
1343
1344
1345
1347
1348
1349
1350
1351
1352
1353
1354
1355
1357
1364
1367
1369
1370
1371
1372
1373
1375
1376
1377
1382
1384
1386
1387
1388
1389
1390
1391
1393
1394
1395
1397
1398
1399
1400
1403
1404
1405
1408
1409
1411
1412
1413
1414
1416
1418
1419
1420
1421
1423
1425
1427
1428
1435
1443
1444
1445
1446
1447
1448
1455
1456
1458
1462
1463
1468
1469
1474
1475
1479
1481
1483
1489
1490
1491
1492
1498
1500
1501
1503
1505
1507
1508
1509
1512
1514
1515
1517
1520
1522
1525
1526
1527
1528
1534
1539
1540
1541
1546
1547
1550
1551
1553
1555
1556
1558
1559
1560
1561
1563
1564
1566
1567
1568
1570
1571
1573
1577
1579
1584
1586
1587
1588
1590
1591
1592
1593
1594
1595
1597
1598
1599
1600
1603
1604
1610
1618
1621
1624
1626
1629
1634
1635
1636
1637
1638
1639
1640
1644
1645
1646
1649
1650
1651
1653
1654
1655
1657
1658
1659
1661
1662
1664
1666
1668
1669
1670
1671
1672
1675
1676
1677
1678
1680
1681
1682
1683
1685
1687
1689
1691
1692
1694CL
1695
1696
1697
1698
1699
1700
1702
1703
1705
1706
1707
1708
17087CL
17089CL
17091CL
1711
1713
1714
1716
1717
1718
1719
1720
1721
1723
1727
1728
1729
1730
1731
1732
1733
1735
1736
1739
1752
1755
1756
1757
1758
1760
1765
1766
1767
1769
1770
1771CL
1777
1778
1780
1782
1783
1784
1788
1790
1792
1796
1799
1800
1802
1807
1811
1812
1813
1815
1816
1817
1818
1819
1820
1821
1822
1823
1824
1830
1836
1837
1839
1847
1850
1851
1852
1853
1854
1855
1862
1864
1866
1867
1870
1871
1872
1873
1875
1876
1878
1880
1881
1883
1888
1890
1891
1893
1897
1898
1901
1902
1906
1911
1915
1917
1918
1919
1921
1926
1927
1928
1933
1934
1936
1937
1940
1941
1942
1944
1948
1949
1951
1952
1958
1960
1961
1962
1967
1975
1978
1979
1980
1981
1982
1983
1984
1986
1988
1989
1992
1995
1996
1997
1999
20100
20101
20103
20104
20107
20108
20109
20110
20111
20112
20120
20121
20122
20124
20125
20126
20130
20131
20132
20133
20134
20135
20136
20145
20146
20147
20150
20151
20152
20153
20155
20162
20163
20164
20165
20166
20167
20178
20179
20181
20182
20184
20185
20186
20187
20188
20190
20191
20192
20193
20194
20195
20197
20198
20199
20202
20203
20205
20207
20208
20210
20212
20213
20214
20215
20216
20217
20218
20219
20221
20222
20223
20224
20225
20226
20227
20228
20231
20232
20233
20234
20236
20237
20239
20240
20241
20246
20250
20252
20253
20255
20258
20259
20260
20261
20262
20264
20265
20267
20268
20269
20270
20273
20274
20275
20276
20278
20279
20280
20281
20282
20284
20285
20286
20287
20289
20290
20290CL
20291
20292
20293
20315
20316
20317
20319
20320
20321
20322
20323
20325
20326
20329
20330
20331
20333
20335
20336
20338
20339
20340
20341
20347
20348
20349
20350
20351
20352
20353
20355
20356
20359
20360
20363
20364
20365
20366
20367
20368
20369
20373
20376
20377
20378
20379
20380
20381
20382
20384
20387
20388
20391
20394
20395
20396
20397
20398
20399
20400
20401
20402
20403
20404
20405
20406
20407
20408
20409
20410
20411
20412
20413
20414
20415
20416
20417
20418
20420
20421
20422
20423
20424
20425
20426
20427
20428
20429
20430
20431
20432
20435
20436
20437
20438
20439
20442
20443
20444
20445
20446
20447
20448
20450
20451
20452
20453
20454
20455
20456
20457
20458
20459
20460
20461
20462
20463
20464
20465
20466
20467
20468
20469
20470
20471
20472
20474
20475
20477
20478
20479
20480
20481
20482
20483
20484
20485
20486
20487
20488
20489
20490
20491
20492
20493
20494
20495
20496
20497
20498
20499
20500
20501
20503
20504
20505
20506
20507
20508
20509
20510
20511
20512
20513
20514
20515
20516
20517
20518
20519
20520
20521
20522
20523
20524
20525
20526
20527
20528
20530
20531
20532
20533
20534
20535
20536
20537
20538
20539
20543
20544
20545
20547
20548
20551
20552
20553
20554
20555
20556
20557
20558
20559
20560
20561
20562
20563
20564
20565
20566
20568
20572
20573
20574
20576
20578
20579
20580
20581
20582
20583
20584
20585
20586
20587
20588
20589
20590
20591
20592
20593
20594
20596
20598
20599
20600
20601
20602
20603
20604
20605
20606
20607
20608
20609
20612
20613
20614
20615
20616
20617
20618
20619
20620
20621
20622
20624
20625
20626
20627
20629
20630
20631
20632
20634
20635
20636
20637
20638
20639
20640
20641
20642
20643
20644
20645
20646
20647
20648
20649
20650
20651
20652
20653
20654
20655
20656
20657
20658
20659
20660
20661
20662
20663
20664
20665
20666
20668
20669
20671
20672
20673
20674
20675
20676
20677
20679
20680
20681
20683
20685
20698
20699
20700
20701
20702
20703
20704
20705
20706
20707
20708
20709
20710
20711
20712
20714
20715
20716
20717
20718
20719
20720
20721
20724
20725
20726
20728
20730
20731
20733
20734
20735
20736
20737
20738
20739
20740
20741
20743
20744
20745
20746
20748
20749
20750
20752
20753
20756
20758
20759
20760
20761
20762
20763
20764
20765
20766
20767
20769
20771
20773
20774
20775
20776
20777
20778
20779
20780
20781
20782
20785
20786
20787
20789
20790
20791
20792
20793
20794
20795
20796
20797
20798
20799
20800
20801
20802
20805
20806
20807
20808
20809
20810
20811
20812
20813
20814
20815
20816
20817
20818
20819
20820
20821
20822
20823
20824
20825
20827
20828
20832
20841
20843
20845
20846
20847
20848
20849
20851
20852
20853
20854
20855
20860
20861
20862
20863
20864
20865
20866
20868
20869
20870
20871
20872
20873
20874
20875
20877
20878
20879
20880
20883
20884
20885
20886
20887
20888
20890
20892
20893
20894
20896
20897
20898
20900
20901
20902
20903
20908
20909
20910
20911
20913
20914
20915
20916
20917
20918
20919
20920
20921
20922
20923
20924
20925
20926
20927
20929
20930
20931
20932
20933
20934
20935
20936
20937
20938
20939
20940
20941
20942
20943
20944
20945
20946
20953
20955
20956
20957
20958
20959
20960
20961
20962
20963
20964
20965
20966
20967
20968
20974
20975
20976
20977
20978
20979
20980
20981
20982
20983
20984
20985
20986
20987
20988
20989
20990
20991
20992
20993
20994
20995
20996
20997
20998
20999
21000
21001
21002
21003
21004
21006
21007
21008
21009
21010
21012
21013
21014
21015
21017
21018
21019
21020
21021
21022
21024
21025
21026
21027
21028
21029
21030
21031
21032
21033
21036
21037
21038
21040
21041
21042
21043
21048
21049
21050
21051
21052
21053
21054
21055
21056
21057
21059
21060
21061
21062
21063
21065
21067
21068
21069
21070
21072
21073
21074
21075
21076
21077
21078
21079
21080
21081
21083
21084
21085
21086
21087
21088
21089
21090
21091
21092
21093
21094
21098
21099
21100
21101
21103
21104
21111
21114
21115
21117
21118
21121
21122
21125
21126
21127
21132
21134
21135
21136
21165
21166
21167
21169
21170
21172
21173
21174
21175
21176
21183
21184
21185
21186
21187
21188
21191
21193
21194
21196
21197
21198
21199
21200
21201
21202
21204
21205
21206
21207
21208
21209
21210
21211
21212
21213
21214
21215
21216
21217
21218
21221
21224
21225
21226
21227
21228
21229
21230
21231
21232
21233
21234
21235
21236
21237
21238
21239
21240
21241
21242
21243
21244
21245
21246
21249
21250
21251
21252
21253
21254
21255
21256
21257
21260
21261
21262
21263
21264
21266
21267
21268
21271
21273
21274
21275
21276
21277
21278
21279
21282
21293
21294
21305
21306
21307
21309
21311
21312
21313
21315
21322
21324
21325
21326
21327
21328
21329
21335
21337
21338
21339
21343
21344
21347
21350
21351
21352
21355
21359
21362
21364
21365
21367
21368
21370
21371
21372
21373
21374
21375
21376
21378
21379
21380
21381
21382
21385
21386
21390
21391
21392
21393
21394
21395
21397
21408
21411
21412
2420
2421CL
2429
2469
2494
2513
2514
2515CL
2541
2543CL
2545
2554
2555
2556
2586
2602
2607
2611
2613
2623
2624
2625
2626
2627
2629
2631
2633
2635
2637
2639
2650
2651
2660
2665
2668
2669
2675
2676
2682
2688
2699
2700
2702
2713
2715
2716
2719
2720
2721
2729
2730
2731
2743
2744
2751
2752
2753
2754
2755
2756
2757
2758
2759
2760
3003
3020
3025
3029CL
3047
3055
3062
3063
3095
3103
3123
3128CL
3131
3136
3147CL
3157
3173CL
3178
3189
3192
3195
3205
3208
3209
3216
3218CL
3227
3244
3246CL
3272CL
3280CL
3282
3299CL
3301
3306CL
3316
3317
3321
3322
3323
3329
3330
3338
3340
3342
3363
3368
3382
3386
3388
3389
3392
3393CL
3403
3424
3425
3430
3437
3451
3480
3484
3493CL
3503
3523CL
3527
3551CL
3564
3572
3575CL
3639
3641
3643
3675CL
3696
3701
3704
3709CL
3720
3721
3724
3737CL
3741
3780CL
3797
3800
3805
3816
3821
3825CL
3833
3837CL
3841
3842
3849CL
3851
3893
3894
3922
3936
3959CL
3960
4034
4070CL
4098
4119
4132
4133
4150CL
4169CL
4178CL
4207
4208
4210
4211CL
4214
4301CL
4305
4307
4310
4313
4327
4339CL
4342CL
4348
4353CL
4356CL
4357
4364
4371
4377CL
4381
4386
4389
4390
4394CL
4402CL
4405
4406
4407
4409
4424
4443
4456CL
4466
4468
4491CL
4520CL
4531
4537CL
4540CL
4541
4572CL
4573CL
4574CL
4579
4581
4582
4586
4589
4591
4592
4596
4598
4613CL
4615CL
4621CL
4624CL
4636CL
4640
4645CL
4646CL
4649
4651CL
4660CL
4662CL
4670CL
4690
4702CL
4709CL
4727CL
4734CL
4778
4799
4807
4820CL
4821CL
4824
4826
4835
4859CL
4892CL
4897CL
4930CL
4946CL
4971CL
4978
4979
5010CL
5060CL
5063
5096
5097
5167CL
5190CL
5235CL
5254CL
5255CL
5281
5284
5358
5360CL
5400
5403
5442
5494CL
5500CL
5510CL
5523
5524CL
5528
5554
5555
5557CL
5558CL
5562
5566
5567CL
5571CL
5573
5574CL
5575
5576
5588
5589
5591
5592
5595
5598
5602
5608
5637CL
5684CL
5729CL
5801CL
5827
5848
5935CL
6018CL
6022CL
6033CL
6111
6112
6113
6114
6201
6204
6205
6224
6226
6276
6290
6295
6306CL
6345
6373
6374
6378
6379
6380
6381
6383
6386
6387
6388
6389
6390
6391
6394
6395
6396
6397
6398
6411
6412
6414
6415
6424
6427
6435
6490
6522
6533
6535
6537
6541
6544
6554
6558
6559
6560
6564
6565
6585
6586
6590
6591
6593
6595CL
6597
6607
6611
6612
6615
6622
6629
6640CL
6644
6655
6658
6659
6665
6676
6677
6691
6692
6695
6697
6716
6721
6722
6723
6724
6725
6726
6727
6772CL
6788
6789
6845
6846
6847
6848
6850
6852
6853
6854
6855
6856
6876
6877
6878
6880
6881
6884
6886
6887
6889
6891
6894
6895
6903
6904
6905
6906
6907
6908
6909
6910
6911
6925
6926
6927
6928
6929
6930
6932
6933
6934
6935
6936
6937
6938
6939
6940
6941
6942
6943
6944
6948
6949
6950
6951
6952
6953
6954
6955
6956
6957
6958
6966
6967
6968
6969
6970
6972
6973
6974
6975
6976
6978
6979
6982
6983
6985
6986
6987
6988
6989
6990
6991
6992
6993
6995
6996
6998
6999
7000CL
7001
7003
7014
7032
7053
7065CL
7087
7123
7153
7154
7157
7160
7163
7166
7170
7185
7188
7217
7227
7236
7257
7263
7266
7286
7287
7291
7292
7294
7311
7312
7313
7314
7335
7336
7343
7344
7353
7359
7360
7361
7362
7363
7364
7365
7366
7367
7368
7369
7370
7371
7374
7376
7377
7380
7382
7383
7384
7385
7386
7387
7388
7389
7390
7391
7396
8012
8016
8017
8080
8085
8086
8088
8097
8100
8225
8232
8235
8448
8530
8534
8544
8585
8587
8622
8652
8722
8772
8774
8781
8850
8863
8864
8876
9063
9066
9075
9096
9124
9146
9156
9169
9173
9195
9208
9212
9215
9248
9271
9272
9301
9316
9321
9335
9343
9416
9417
9459
9482CL
9486
9514
9528CL
9537
9543
9550
9554
9562
9566
9574
9576
9579
9587
9589
9607
9639
9642
9648
9663
9664
9670
9678
9691
9696
9705
9710
9718
9728
9735
9736
9740
9751
9771CL
9774
9781
9799CL
9830
9831
9833
9843
9848
9850
9855
9884
9885
9891
9937
9961
9963
9964
9976
9993
AP1012
AP1034
AP1046
AP1046-3
AP1048
AP1050
AP1051
AP1053
AP1055
AP1068
AP1071
AP1088
AP1089
PR56224C
PR56234A
